<?xml version="1.0" encoding="UTF-8"?>
<!-- Generated by org.testng.reporters.JUnitXMLReporter -->
<testsuite hostname="DESKTOP-HGE39OB" ignored="0" name="Test" tests="3" failures="3" timestamp="2020-07-13T13:38:58 IST" time="100.812" errors="0">
  <testcase name="insuranceCalculate" time="16.061" classname="insuranceCalculation_Motorcycle.EndToEndTests_motorcycle">
    <failure type="java.lang.AssertionError" message="Pricing for gold plan is not matching. expected [238.00] but found [696.00]">
      <![CDATA[java.lang.AssertionError: Pricing for gold plan is not matching. expected [238.00] but found [696.00]
at insuranceCalculation_Motorcycle.EndToEndTests_motorcycle.insuranceCalculate(EndToEndTests_motorcycle.java:31)
at java.util.ArrayList.forEach(ArrayList.java:1257)
... Removed 31 stack frames]]>
    </failure>
  </testcase> <!-- insuranceCalculate -->
  <testcase name="insuranceCalculate" time="15.912" classname="insuranceCalculation_Motorcycle.EndToEndTests_motorcycle">
    <failure type="java.lang.AssertionError" message="Pricing for gold plan is not matching. expected [238.00] but found [772.00]">
      <![CDATA[java.lang.AssertionError: Pricing for gold plan is not matching. expected [238.00] but found [772.00]
at insuranceCalculation_Motorcycle.EndToEndTests_motorcycle.insuranceCalculate(EndToEndTests_motorcycle.java:31)
at java.util.ArrayList.forEach(ArrayList.java:1257)
... Removed 31 stack frames]]>
    </failure>
  </testcase> <!-- insuranceCalculate -->
  <testcase name="insuranceCalculate" time="15.957" classname="insuranceCalculation_Motorcycle.EndToEndTests_motorcycle">
    <failure type="java.lang.AssertionError" message="Pricing for gold plan is not matching. expected [87.00] but found [274.00]">
      <![CDATA[java.lang.AssertionError: Pricing for gold plan is not matching. expected [87.00] but found [274.00]
at insuranceCalculation_Motorcycle.EndToEndTests_motorcycle.insuranceCalculate(EndToEndTests_motorcycle.java:31)
at java.util.ArrayList.forEach(ArrayList.java:1257)
... Removed 31 stack frames]]>
    </failure>
  </testcase> <!-- insuranceCalculate -->
</testsuite> <!-- Test -->
